30/01/2018 16:39:17 (Std) 	+-+-+-+-+-+-+-+-+-+-+-+-+-+-+-+-+-+-+-+-+-+-+-+-+-+-+-+-+-+-+-+-+-+-+-+-+-+-+-+
30/01/2018 16:39:17 (Std) 	+                     Crazy Eddie's GUI System - Event log                    +
30/01/2018 16:39:17 (Std) 	+                          (http://www.cegui.org.uk/)                         +
30/01/2018 16:39:17 (Std) 	+-+-+-+-+-+-+-+-+-+-+-+-+-+-+-+-+-+-+-+-+-+-+-+-+-+-+-+-+-+-+-+-+-+-+-+-+-+-+-+

30/01/2018 16:39:17 (Std) 	CEGUI::Logger singleton created. (0x55b6d54d67d0)
30/01/2018 16:39:17 (Std) 	
30/01/2018 16:39:17 (Std) 	********************************************************************************
30/01/2018 16:39:17 (Std) 	* Important:                                                                   *
30/01/2018 16:39:17 (Std) 	*     To get support at the CEGUI forums, you must post _at least_ the section *
30/01/2018 16:39:17 (Std) 	*     of this log file indicated below.  Failure to do this will result in no  *
30/01/2018 16:39:17 (Std) 	*     support being given; please do not waste our time.                       *
30/01/2018 16:39:17 (Std) 	********************************************************************************
30/01/2018 16:39:17 (Std) 	********************************************************************************
30/01/2018 16:39:17 (Std) 	* -------- START OF ESSENTIAL SECTION TO BE POSTED ON THE FORUM       -------- *
30/01/2018 16:39:17 (Std) 	********************************************************************************
30/01/2018 16:39:17 (Std) 	---- Version: 0.8.7 (Build: Jan 21 2018 GNU/Linux g++ 7.2.1 20171224 64 bit) ----
30/01/2018 16:39:17 (Std) 	---- Renderer module is: CEGUI::IrrlichtRenderer - Official Irrlicht based 2nd generation renderer module.  RenderTarget support is enabled. ----
30/01/2018 16:39:17 (Std) 	---- XML Parser module is: CEGUI::ExpatParser - Official expat based parser module for CEGUI ----
30/01/2018 16:39:17 (Std) 	---- Image Codec module is: IrrlichtImageCodec - Integrated ImageCodec using the Irrlicht engine. ----
30/01/2018 16:39:17 (Std) 	---- Scripting module is: None ----
30/01/2018 16:39:17 (Std) 	********************************************************************************
30/01/2018 16:39:17 (Std) 	* -------- END OF ESSENTIAL SECTION TO BE POSTED ON THE FORUM         -------- *
30/01/2018 16:39:17 (Std) 	********************************************************************************
30/01/2018 16:39:17 (Std) 	
30/01/2018 16:39:17 (Std) 	---- Begining CEGUI System initialisation ----
30/01/2018 16:39:17 (Std) 	[CEGUI::ImageManager] Singleton created (0x55b6d54dad90)
30/01/2018 16:39:17 (Std) 	[CEGUI::ImageManager] Registered Image type: BasicImage
30/01/2018 16:39:17 (Std) 	CEGUI::FontManager singleton created. (0x55b6d4ca8de0)
30/01/2018 16:39:17 (Std) 	CEGUI::WindowFactoryManager singleton created
30/01/2018 16:39:17 (Std) 	CEGUI::WindowManager singleton created (0x55b6d54d7440)
30/01/2018 16:39:17 (Std) 	CEGUI::SchemeManager singleton created. (0x55b6d4ca8f10)
30/01/2018 16:39:17 (Std) 	CEGUI::GlobalEventSet singleton created. (0x55b6d54d8520)
30/01/2018 16:39:17 (Std) 	CEGUI::AnimationManager singleton created (0x55b6d4d5df40)
30/01/2018 16:39:17 (Std) 	CEGUI::WidgetLookManager singleton created. (0x55b6d54d5520)
30/01/2018 16:39:17 (Std) 	CEGUI::WindowRendererManager singleton created (0x55b6d54dce30)
30/01/2018 16:39:17 (Std) 	CEGUI::RenderEffectManager singleton created (0x55b6d4d36920)
30/01/2018 16:39:17 (Std) 	Created WindowFactory for 'DefaultWindow' windows.
30/01/2018 16:39:17 (Std) 	WindowFactory for 'DefaultWindow' windows added. (0x55b6d54dcd70)
30/01/2018 16:39:17 (Std) 	Created WindowFactory for 'DragContainer' windows.
30/01/2018 16:39:17 (Std) 	WindowFactory for 'DragContainer' windows added. (0x55b6d54dd800)
30/01/2018 16:39:17 (Std) 	Created WindowFactory for 'ScrolledContainer' windows.
30/01/2018 16:39:17 (Std) 	WindowFactory for 'ScrolledContainer' windows added. (0x55b6d54dd9c0)
30/01/2018 16:39:17 (Std) 	Created WindowFactory for 'ClippedContainer' windows.
30/01/2018 16:39:17 (Std) 	WindowFactory for 'ClippedContainer' windows added. (0x55b6d54dda80)
30/01/2018 16:39:17 (Std) 	Created WindowFactory for 'CEGUI/PushButton' windows.
30/01/2018 16:39:17 (Std) 	WindowFactory for 'CEGUI/PushButton' windows added. (0x55b6d54ddb40)
30/01/2018 16:39:17 (Std) 	Created WindowFactory for 'CEGUI/RadioButton' windows.
30/01/2018 16:39:17 (Std) 	WindowFactory for 'CEGUI/RadioButton' windows added. (0x55b6d54ddfe0)
30/01/2018 16:39:17 (Std) 	Created WindowFactory for 'CEGUI/Combobox' windows.
30/01/2018 16:39:17 (Std) 	WindowFactory for 'CEGUI/Combobox' windows added. (0x55b6d54de180)
30/01/2018 16:39:17 (Std) 	Created WindowFactory for 'CEGUI/ComboDropList' windows.
30/01/2018 16:39:17 (Std) 	WindowFactory for 'CEGUI/ComboDropList' windows added. (0x55b6d54de320)
30/01/2018 16:39:17 (Std) 	Created WindowFactory for 'CEGUI/Editbox' windows.
30/01/2018 16:39:17 (Std) 	WindowFactory for 'CEGUI/Editbox' windows added. (0x55b6d54de720)
30/01/2018 16:39:17 (Std) 	Created WindowFactory for 'CEGUI/FrameWindow' windows.
30/01/2018 16:39:17 (Std) 	WindowFactory for 'CEGUI/FrameWindow' windows added. (0x55b6d54de7e0)
30/01/2018 16:39:17 (Std) 	Created WindowFactory for 'CEGUI/ItemEntry' windows.
30/01/2018 16:39:17 (Std) 	WindowFactory for 'CEGUI/ItemEntry' windows added. (0x55b6d54de8a0)
30/01/2018 16:39:17 (Std) 	Created WindowFactory for 'CEGUI/Listbox' windows.
30/01/2018 16:39:17 (Std) 	WindowFactory for 'CEGUI/Listbox' windows added. (0x55b6d54de960)
30/01/2018 16:39:17 (Std) 	Created WindowFactory for 'CEGUI/ListHeader' windows.
30/01/2018 16:39:17 (Std) 	WindowFactory for 'CEGUI/ListHeader' windows added. (0x55b6d54decc0)
30/01/2018 16:39:17 (Std) 	Created WindowFactory for 'CEGUI/ListHeaderSegment' windows.
30/01/2018 16:39:17 (Std) 	WindowFactory for 'CEGUI/ListHeaderSegment' windows added. (0x55b6d54deef0)
30/01/2018 16:39:17 (Std) 	Created WindowFactory for 'CEGUI/Menubar' windows.
30/01/2018 16:39:17 (Std) 	WindowFactory for 'CEGUI/Menubar' windows added. (0x55b6d54defb0)
30/01/2018 16:39:17 (Std) 	Created WindowFactory for 'CEGUI/PopupMenu' windows.
30/01/2018 16:39:17 (Std) 	WindowFactory for 'CEGUI/PopupMenu' windows added. (0x55b6d54df230)
30/01/2018 16:39:17 (Std) 	Created WindowFactory for 'CEGUI/MenuItem' windows.
30/01/2018 16:39:17 (Std) 	WindowFactory for 'CEGUI/MenuItem' windows added. (0x55b6d54df2f0)
30/01/2018 16:39:17 (Std) 	Created WindowFactory for 'CEGUI/MultiColumnList' windows.
30/01/2018 16:39:17 (Std) 	WindowFactory for 'CEGUI/MultiColumnList' windows added. (0x55b6d54df3b0)
30/01/2018 16:39:17 (Std) 	Created WindowFactory for 'CEGUI/MultiLineEditbox' windows.
30/01/2018 16:39:17 (Std) 	WindowFactory for 'CEGUI/MultiLineEditbox' windows added. (0x55b6d54df7f0)
30/01/2018 16:39:17 (Std) 	Created WindowFactory for 'CEGUI/ProgressBar' windows.
30/01/2018 16:39:17 (Std) 	WindowFactory for 'CEGUI/ProgressBar' windows added. (0x55b6d54df8b0)
30/01/2018 16:39:17 (Std) 	Created WindowFactory for 'CEGUI/ScrollablePane' windows.
30/01/2018 16:39:17 (Std) 	WindowFactory for 'CEGUI/ScrollablePane' windows added. (0x55b6d54df970)
30/01/2018 16:39:17 (Std) 	Created WindowFactory for 'CEGUI/Scrollbar' windows.
30/01/2018 16:39:17 (Std) 	WindowFactory for 'CEGUI/Scrollbar' windows added. (0x55b6d54dfa30)
30/01/2018 16:39:17 (Std) 	Created WindowFactory for 'CEGUI/Slider' windows.
30/01/2018 16:39:17 (Std) 	WindowFactory for 'CEGUI/Slider' windows added. (0x55b6d54dfd90)
30/01/2018 16:39:17 (Std) 	Created WindowFactory for 'CEGUI/Spinner' windows.
30/01/2018 16:39:17 (Std) 	WindowFactory for 'CEGUI/Spinner' windows added. (0x55b6d54dfe50)
30/01/2018 16:39:17 (Std) 	Created WindowFactory for 'CEGUI/TabButton' windows.
30/01/2018 16:39:17 (Std) 	WindowFactory for 'CEGUI/TabButton' windows added. (0x55b6d54e01e0)
30/01/2018 16:39:17 (Std) 	Created WindowFactory for 'CEGUI/TabControl' windows.
30/01/2018 16:39:17 (Std) 	WindowFactory for 'CEGUI/TabControl' windows added. (0x55b6d54e02a0)
30/01/2018 16:39:17 (Std) 	Created WindowFactory for 'CEGUI/Thumb' windows.
30/01/2018 16:39:17 (Std) 	WindowFactory for 'CEGUI/Thumb' windows added. (0x55b6d54e0360)
30/01/2018 16:39:17 (Std) 	Created WindowFactory for 'CEGUI/Titlebar' windows.
30/01/2018 16:39:17 (Std) 	WindowFactory for 'CEGUI/Titlebar' windows added. (0x55b6d54e06c0)
30/01/2018 16:39:17 (Std) 	Created WindowFactory for 'CEGUI/ToggleButton' windows.
30/01/2018 16:39:17 (Std) 	WindowFactory for 'CEGUI/ToggleButton' windows added. (0x55b6d54e0a20)
30/01/2018 16:39:17 (Std) 	Created WindowFactory for 'CEGUI/Tooltip' windows.
30/01/2018 16:39:17 (Std) 	WindowFactory for 'CEGUI/Tooltip' windows added. (0x55b6d54e0ae0)
30/01/2018 16:39:17 (Std) 	Created WindowFactory for 'CEGUI/ItemListbox' windows.
30/01/2018 16:39:17 (Std) 	WindowFactory for 'CEGUI/ItemListbox' windows added. (0x55b6d54e0ba0)
30/01/2018 16:39:17 (Std) 	Created WindowFactory for 'CEGUI/GroupBox' windows.
30/01/2018 16:39:17 (Std) 	WindowFactory for 'CEGUI/GroupBox' windows added. (0x55b6d54e0c60)
30/01/2018 16:39:17 (Std) 	Created WindowFactory for 'CEGUI/Tree' windows.
30/01/2018 16:39:17 (Std) 	WindowFactory for 'CEGUI/Tree' windows added. (0x55b6d54e0d20)
30/01/2018 16:39:17 (Std) 	Created WindowFactory for 'LayoutCell' windows.
30/01/2018 16:39:17 (Std) 	WindowFactory for 'LayoutCell' windows added. (0x55b6d54e1160)
30/01/2018 16:39:17 (Std) 	Created WindowFactory for 'HorizontalLayoutContainer' windows.
30/01/2018 16:39:17 (Std) 	WindowFactory for 'HorizontalLayoutContainer' windows added. (0x55b6d54e1220)
30/01/2018 16:39:17 (Std) 	Created WindowFactory for 'VerticalLayoutContainer' windows.
30/01/2018 16:39:17 (Std) 	WindowFactory for 'VerticalLayoutContainer' windows added. (0x55b6d54e14a0)
30/01/2018 16:39:17 (Std) 	Created WindowFactory for 'GridLayoutContainer' windows.
30/01/2018 16:39:17 (Std) 	WindowFactory for 'GridLayoutContainer' windows added. (0x55b6d54e1560)
30/01/2018 16:39:17 (Std) 	CEGUI::System singleton created. (0x55b6d4d15410)
30/01/2018 16:39:17 (Std) 	---- CEGUI System initialisation completed ----
30/01/2018 16:39:17 (Std) 	
30/01/2018 16:39:17 (Std) 	Started creation of Scheme from XML specification:
30/01/2018 16:39:17 (Std) 	---- CEGUI GUIScheme name: GameMenu
30/01/2018 16:39:17 (Std) 	[ImageManager] Started creation of Imageset from XML specification:
30/01/2018 16:39:17 (Std) 	[ImageManager] ---- CEGUI Imageset name: GameMenuImages
30/01/2018 16:39:17 (Std) 	[ImageManager] ---- Source texture file: GameMenu.png
30/01/2018 16:39:17 (Std) 	[ImageManager] ---- Source texture resource group: (Default)
30/01/2018 16:39:17 (Std) 	[IrrlichtRenderer] Created texture: GameMenuImages
30/01/2018 16:39:17 (Std) 	[ImageManager] Created image: 'GameMenuImages/CenterImageInside' (0x55b6d54eebf0) of type: BasicImage
30/01/2018 16:39:17 (Std) 	[ImageManager] Created image: 'GameMenuImages/CenterImageOutside1' (0x55b6d4d609b0) of type: BasicImage
30/01/2018 16:39:17 (Std) 	[ImageManager] Created image: 'GameMenuImages/CenterImageOutside2' (0x55b6d4c26710) of type: BasicImage
30/01/2018 16:39:17 (Std) 	[ImageManager] Created image: 'GameMenuImages/CenterImageInside2' (0x55b6d4b6ca50) of type: BasicImage
30/01/2018 16:39:17 (Std) 	[ImageManager] Created image: 'GameMenuImages/CenterImageButtonBG' (0x55b6d483fa10) of type: BasicImage
30/01/2018 16:39:17 (Std) 	[ImageManager] Created image: 'GameMenuImages/CenterImageButtonStartLab' (0x55b6d4bbc9b0) of type: BasicImage
30/01/2018 16:39:17 (Std) 	[ImageManager] Created image: 'GameMenuImages/CenterImageButtonBOTH' (0x55b6d54fb3a0) of type: BasicImage
30/01/2018 16:39:17 (Std) 	[ImageManager] Created image: 'GameMenuImages/CenterImageButtonStartButt' (0x55b6d54fbd60) of type: BasicImage
30/01/2018 16:39:17 (Std) 	[ImageManager] Created image: 'GameMenuImages/MouseCursor' (0x55b6d54fbe80) of type: BasicImage
30/01/2018 16:39:17 (Std) 	[ImageManager] Created image: 'GameMenuImages/Background' (0x55b6d54fc130) of type: BasicImage
30/01/2018 16:39:17 (Std) 	[ImageManager] Created image: 'GameMenuImages/TopBar' (0x55b6d54e3d70) of type: BasicImage
30/01/2018 16:39:17 (Std) 	[ImageManager] Created image: 'GameMenuImages/BotBar' (0x55b6d54f57c0) of type: BasicImage
30/01/2018 16:39:17 (Std) 	[ImageManager] Created image: 'GameMenuImages/ButtonOptionsIcon' (0x55b6d54f8150) of type: BasicImage
30/01/2018 16:39:17 (Std) 	[ImageManager] Created image: 'GameMenuImages/ButtonLoadIcon' (0x55b6d54f8360) of type: BasicImage
30/01/2018 16:39:17 (Std) 	[ImageManager] Created image: 'GameMenuImages/ButtonCharactersIcon' (0x55b6d54f8480) of type: BasicImage
30/01/2018 16:39:17 (Std) 	[ImageManager] Created image: 'GameMenuImages/ButtonQuitIcon' (0x55b6d54e3800) of type: BasicImage
30/01/2018 16:39:17 (Std) 	[ImageManager] Created image: 'GameMenuImages/ButtonSaveIcon' (0x55b6d54f93e0) of type: BasicImage
30/01/2018 16:39:17 (Std) 	[ImageManager] Created image: 'GameMenuImages/BotBarLeftArrow' (0x55b6d54f92c0) of type: BasicImage
30/01/2018 16:39:17 (Std) 	[ImageManager] Created image: 'GameMenuImages/BotBarRightArrow' (0x55b6d54f9910) of type: BasicImage
30/01/2018 16:39:17 (Std) 	[ImageManager] Created image: 'GameMenuImages/EditboxLeft' (0x55b6d54f9b20) of type: BasicImage
30/01/2018 16:39:17 (Std) 	[ImageManager] Created image: 'GameMenuImages/EditboxLeftTop' (0x55b6d54f9690) of type: BasicImage
30/01/2018 16:39:17 (Std) 	[ImageManager] Created image: 'GameMenuImages/EditboxLeftBot' (0x55b6d54fc660) of type: BasicImage
30/01/2018 16:39:17 (Std) 	[ImageManager] Created image: 'GameMenuImages/EditboxBot' (0x55b6d54fc870) of type: BasicImage
30/01/2018 16:39:17 (Std) 	[ImageManager] Created image: 'GameMenuImages/EditboxRightTop' (0x55b6d54f8730) of type: BasicImage
30/01/2018 16:39:17 (Std) 	[ImageManager] Created image: 'GameMenuImages/EditboxRight' (0x55b6d54fcdf0) of type: BasicImage
30/01/2018 16:39:17 (Std) 	[ImageManager] Created image: 'GameMenuImages/EditboxRightBot' (0x55b6d54f6030) of type: BasicImage
30/01/2018 16:39:17 (Std) 	[ImageManager] Created image: 'GameMenuImages/EditboxTop' (0x55b6d54fd190) of type: BasicImage
30/01/2018 16:39:17 (Std) 	[ImageManager] Created image: 'GameMenuImages/EditboxMid' (0x55b6d54fd710) of type: BasicImage
30/01/2018 16:39:17 (Std) 	[ImageManager] Created image: 'GameMenuImages/GenericBrush' (0x55b6d54fd920) of type: BasicImage
30/01/2018 16:39:17 (Std) 	[ImageManager] Created image: 'GameMenuImages/MouseTextBar' (0x55b6d54fda40) of type: BasicImage
30/01/2018 16:39:17 (Std) 	[ImageManager] Created image: 'GameMenuImages/IconChangeDestination' (0x55b6d54fdb60) of type: BasicImage
30/01/2018 16:39:17 (Std) 	[ImageManager] Created image: 'GameMenuImages/LoginButtonBG' (0x55b6d54fdd70) of type: BasicImage
30/01/2018 16:39:17 (Std) 	[ImageManager] Created image: 'GameMenuImages/SupposedLook' (0x55b6d54fde90) of type: BasicImage
30/01/2018 16:39:17 (Std) 	[ImageManager] Created image: 'GameMenuImages/DotOuter' (0x55b6d54fe230) of type: BasicImage
30/01/2018 16:39:17 (Std) 	[ImageManager] Created image: 'GameMenuImages/DotInner' (0x55b6d54fe710) of type: BasicImage
30/01/2018 16:39:17 (Std) 	[ImageManager] Created image: 'GameMenuImages/DotDot' (0x55b6d54fe920) of type: BasicImage
30/01/2018 16:39:17 (Std) 	[ImageManager] Created image: 'GameMenuImages/DotInnest' (0x55b6d54fea40) of type: BasicImage
30/01/2018 16:39:17 (Std) 	[ImageManager] Created image: 'GameMenuImages/PopupLinesOptions' (0x55b6d54feb60) of type: BasicImage
30/01/2018 16:39:17 (Std) 	[ImageManager] Created image: 'GameMenuImages/PopupLinesSave' (0x55b6d54fed70) of type: BasicImage
30/01/2018 16:39:17 (Std) 	[ImageManager] Created image: 'GameMenuImages/PopupLinesLoad' (0x55b6d54fee90) of type: BasicImage
30/01/2018 16:39:17 (Std) 	[ImageManager] Created image: 'GameMenuImages/PopupLinesCharacter' (0x55b6d54ff0a0) of type: BasicImage
30/01/2018 16:39:17 (Std) 	[ImageManager] Created image: 'GameMenuImages/PopupLinesQuit' (0x55b6d54ff2b0) of type: BasicImage
30/01/2018 16:39:17 (Std) 	===== Falagard 'root' element: look and feel parsing begins =====
30/01/2018 16:39:17 (Std) 	===== Look and feel parsing completed =====
30/01/2018 16:39:17 (Std) 	No window renderer factories specified for module 'CEGUICoreWindowRendererSet' - adding all available factories...
30/01/2018 16:39:17 (Std) 	Created WindowRendererFactory for 'Core/Button' WindowRenderers.
30/01/2018 16:39:17 (Std) 	WindowRendererFactory 'Core/Button' added. (0x55b6d54e4b10)
30/01/2018 16:39:17 (Std) 	Created WindowRendererFactory for 'Core/Default' WindowRenderers.
30/01/2018 16:39:17 (Std) 	WindowRendererFactory 'Core/Default' added. (0x55b6d54e4bd0)
30/01/2018 16:39:17 (Std) 	Created WindowRendererFactory for 'Core/Editbox' WindowRenderers.
30/01/2018 16:39:17 (Std) 	WindowRendererFactory 'Core/Editbox' added. (0x55b6d54e4c90)
30/01/2018 16:39:17 (Std) 	Created WindowRendererFactory for 'Core/FrameWindow' WindowRenderers.
30/01/2018 16:39:17 (Std) 	WindowRendererFactory 'Core/FrameWindow' added. (0x55b6d54e21f0)
30/01/2018 16:39:17 (Std) 	Created WindowRendererFactory for 'Core/ItemEntry' WindowRenderers.
30/01/2018 16:39:17 (Std) 	WindowRendererFactory 'Core/ItemEntry' added. (0x55b6d54e2390)
30/01/2018 16:39:17 (Std) 	Created WindowRendererFactory for 'Core/ListHeader' WindowRenderers.
30/01/2018 16:39:17 (Std) 	WindowRendererFactory 'Core/ListHeader' added. (0x55b6d54e26c0)
30/01/2018 16:39:17 (Std) 	Created WindowRendererFactory for 'Core/ListHeaderSegment' WindowRenderers.
30/01/2018 16:39:17 (Std) 	WindowRendererFactory 'Core/ListHeaderSegment' added. (0x55b6d561a630)
30/01/2018 16:39:17 (Std) 	Created WindowRendererFactory for 'Core/Listbox' WindowRenderers.
30/01/2018 16:39:17 (Std) 	WindowRendererFactory 'Core/Listbox' added. (0x55b6d561a6f0)
30/01/2018 16:39:17 (Std) 	Created WindowRendererFactory for 'Core/Menubar' WindowRenderers.
30/01/2018 16:39:17 (Std) 	WindowRendererFactory 'Core/Menubar' added. (0x55b6d561a7b0)
30/01/2018 16:39:17 (Std) 	Created WindowRendererFactory for 'Core/MenuItem' WindowRenderers.
30/01/2018 16:39:17 (Std) 	WindowRendererFactory 'Core/MenuItem' added. (0x55b6d561aa80)
30/01/2018 16:39:17 (Std) 	Created WindowRendererFactory for 'Core/MultiColumnList' WindowRenderers.
30/01/2018 16:39:17 (Std) 	WindowRendererFactory 'Core/MultiColumnList' added. (0x55b6d561ac20)
30/01/2018 16:39:17 (Std) 	Created WindowRendererFactory for 'Core/MultiLineEditbox' WindowRenderers.
30/01/2018 16:39:17 (Std) 	WindowRendererFactory 'Core/MultiLineEditbox' added. (0x55b6d5614a90)
30/01/2018 16:39:17 (Std) 	Created WindowRendererFactory for 'Core/PopupMenu' WindowRenderers.
30/01/2018 16:39:17 (Std) 	WindowRendererFactory 'Core/PopupMenu' added. (0x55b6d5614c30)
30/01/2018 16:39:17 (Std) 	Created WindowRendererFactory for 'Core/ProgressBar' WindowRenderers.
30/01/2018 16:39:17 (Std) 	WindowRendererFactory 'Core/ProgressBar' added. (0x55b6d5614eb0)
30/01/2018 16:39:17 (Std) 	Created WindowRendererFactory for 'Core/ScrollablePane' WindowRenderers.
30/01/2018 16:39:17 (Std) 	WindowRendererFactory 'Core/ScrollablePane' added. (0x55b6d5615130)
30/01/2018 16:39:17 (Std) 	Created WindowRendererFactory for 'Core/Scrollbar' WindowRenderers.
30/01/2018 16:39:17 (Std) 	WindowRendererFactory 'Core/Scrollbar' added. (0x55b6d56151f0)
30/01/2018 16:39:17 (Std) 	Created WindowRendererFactory for 'Core/Slider' WindowRenderers.
30/01/2018 16:39:17 (Std) 	WindowRendererFactory 'Core/Slider' added. (0x55b6d561c800)
30/01/2018 16:39:17 (Std) 	Created WindowRendererFactory for 'Core/Static' WindowRenderers.
30/01/2018 16:39:17 (Std) 	WindowRendererFactory 'Core/Static' added. (0x55b6d561ca80)
30/01/2018 16:39:17 (Std) 	Created WindowRendererFactory for 'Core/StaticImage' WindowRenderers.
30/01/2018 16:39:17 (Std) 	WindowRendererFactory 'Core/StaticImage' added. (0x55b6d561cb40)
30/01/2018 16:39:17 (Std) 	Created WindowRendererFactory for 'Core/StaticText' WindowRenderers.
30/01/2018 16:39:17 (Std) 	WindowRendererFactory 'Core/StaticText' added. (0x55b6d561cce0)
30/01/2018 16:39:17 (Std) 	Created WindowRendererFactory for 'Core/TabButton' WindowRenderers.
30/01/2018 16:39:17 (Std) 	WindowRendererFactory 'Core/TabButton' added. (0x55b6d561d040)
30/01/2018 16:39:17 (Std) 	Created WindowRendererFactory for 'Core/TabControl' WindowRenderers.
30/01/2018 16:39:17 (Std) 	WindowRendererFactory 'Core/TabControl' added. (0x55b6d561d100)
30/01/2018 16:39:17 (Std) 	Created WindowRendererFactory for 'Core/Titlebar' WindowRenderers.
30/01/2018 16:39:17 (Std) 	WindowRendererFactory 'Core/Titlebar' added. (0x55b6d561dcd0)
30/01/2018 16:39:17 (Std) 	Created WindowRendererFactory for 'Core/ToggleButton' WindowRenderers.
30/01/2018 16:39:17 (Std) 	WindowRendererFactory 'Core/ToggleButton' added. (0x55b6d561dd90)
30/01/2018 16:39:17 (Std) 	Created WindowRendererFactory for 'Core/Tooltip' WindowRenderers.
30/01/2018 16:39:17 (Std) 	WindowRendererFactory 'Core/Tooltip' added. (0x55b6d561de50)
30/01/2018 16:39:17 (Std) 	Created WindowRendererFactory for 'Core/ItemListbox' WindowRenderers.
30/01/2018 16:39:17 (Std) 	WindowRendererFactory 'Core/ItemListbox' added. (0x55b6d561e0d0)
30/01/2018 16:39:17 (Std) 	Created WindowRendererFactory for 'Core/Tree' WindowRenderers.
30/01/2018 16:39:17 (Std) 	WindowRendererFactory 'Core/Tree' added. (0x55b6d561e190)
30/01/2018 16:39:17 (Std) 	Creating falagard mapping for type 'GameMenu/Editbox' using base type 'CEGUI/Editbox', window renderer 'Core/Editbox' Look'N'Feel 'GameMenu/Editbox' and RenderEffect ''. (0x7ffd3d10a7b0)
30/01/2018 16:39:17 (Std) 	Started creation of Scheme from XML specification:
30/01/2018 16:39:17 (Std) 	---- CEGUI GUIScheme name: Generic
30/01/2018 16:39:17 (Std) 	===== Falagard 'root' element: look and feel parsing begins =====
30/01/2018 16:39:17 (Std) 	===== Look and feel parsing completed =====
30/01/2018 16:39:17 (Std) 	No window renderer factories specified for module 'CEGUICoreWindowRendererSet' - adding all available factories...
30/01/2018 16:39:17 (Std) 	Creating falagard mapping for type 'Generic/Label' using base type 'DefaultWindow', window renderer 'Core/Default' Look'N'Feel 'Generic/Label' and RenderEffect ''. (0x7ffd3d10a7b0)
30/01/2018 16:39:17 (Std) 	Creating falagard mapping for type 'Generic/Image' using base type 'DefaultWindow', window renderer 'Core/Default' Look'N'Feel 'Generic/Image' and RenderEffect ''. (0x7ffd3d10a7b0)
30/01/2018 16:39:17 (Std) 	Creating falagard mapping for type 'Generic/ImageButton' using base type 'CEGUI/PushButton', window renderer 'Core/Button' Look'N'Feel 'Generic/ImageButton' and RenderEffect ''. (0x7ffd3d10a7b0)
30/01/2018 16:39:17 (Std) 	Started creation of Scheme from XML specification:
30/01/2018 16:39:17 (Std) 	---- CEGUI GUIScheme name: TaharezLook
30/01/2018 16:39:17 (Std) 	[ImageManager] Started creation of Imageset from XML specification:
30/01/2018 16:39:17 (Std) 	[ImageManager] ---- CEGUI Imageset name: TaharezLook
30/01/2018 16:39:17 (Std) 	[ImageManager] ---- Source texture file: TaharezLook.png
30/01/2018 16:39:17 (Std) 	[ImageManager] ---- Source texture resource group: (Default)
30/01/2018 16:39:17 (Std) 	[IrrlichtRenderer] Created texture: TaharezLook
30/01/2018 16:39:17 (Std) 	[ImageManager] Created image: 'TaharezLook/ClientBrush' (0x55b6d562df30) of type: BasicImage
30/01/2018 16:39:17 (Std) 	[ImageManager] Created image: 'TaharezLook/GenericBrush' (0x55b6d561a3f0) of type: BasicImage
30/01/2018 16:39:17 (Std) 	[ImageManager] Created image: 'TaharezLook/WindowLeftEdge' (0x55b6d56325f0) of type: BasicImage
30/01/2018 16:39:17 (Std) 	[ImageManager] Created image: 'TaharezLook/WindowRightEdge' (0x55b6d5632710) of type: BasicImage
30/01/2018 16:39:17 (Std) 	[ImageManager] Created image: 'TaharezLook/WindowTopEdge' (0x55b6d562c2e0) of type: BasicImage
30/01/2018 16:39:17 (Std) 	[ImageManager] Created image: 'TaharezLook/WindowBottomEdge' (0x55b6d562c400) of type: BasicImage
30/01/2018 16:39:17 (Std) 	[ImageManager] Created image: 'TaharezLook/WindowTopLeft' (0x55b6d562c520) of type: BasicImage
30/01/2018 16:39:17 (Std) 	[ImageManager] Created image: 'TaharezLook/WindowTopRight' (0x55b6d5619ab0) of type: BasicImage
30/01/2018 16:39:17 (Std) 	[ImageManager] Created image: 'TaharezLook/WindowBottomLeft' (0x55b6d5619cc0) of type: BasicImage
30/01/2018 16:39:17 (Std) 	[ImageManager] Created image: 'TaharezLook/WindowBottomRight' (0x55b6d5638a90) of type: BasicImage
30/01/2018 16:39:17 (Std) 	[ImageManager] Created image: 'TaharezLook/ButtonLeftNormal' (0x55b6d5619f70) of type: BasicImage
30/01/2018 16:39:17 (Std) 	[ImageManager] Created image: 'TaharezLook/ButtonMiddleNormal' (0x55b6d5615c30) of type: BasicImage
30/01/2018 16:39:17 (Std) 	[ImageManager] Created image: 'TaharezLook/ButtonRightNormal' (0x55b6d5616040) of type: BasicImage
30/01/2018 16:39:17 (Std) 	[ImageManager] Created image: 'TaharezLook/ButtonLeftPushed' (0x55b6d5616250) of type: BasicImage
30/01/2018 16:39:17 (Std) 	[ImageManager] Created image: 'TaharezLook/ButtonMiddlePushed' (0x55b6d5635dc0) of type: BasicImage
30/01/2018 16:39:17 (Std) 	[ImageManager] Created image: 'TaharezLook/ButtonRightPushed' (0x55b6d5615d50) of type: BasicImage
30/01/2018 16:39:17 (Std) 	[ImageManager] Created image: 'TaharezLook/ButtonLeftHighlight' (0x55b6d56360c0) of type: BasicImage
30/01/2018 16:39:17 (Std) 	[ImageManager] Created image: 'TaharezLook/ButtonMiddleHighlight' (0x55b6d56362d0) of type: BasicImage
30/01/2018 16:39:17 (Std) 	[ImageManager] Created image: 'TaharezLook/ButtonRightHighlight' (0x55b6d5636600) of type: BasicImage
30/01/2018 16:39:17 (Std) 	[ImageManager] Created image: 'TaharezLook/CheckboxNormal' (0x55b6d5636720) of type: BasicImage
30/01/2018 16:39:17 (Std) 	[ImageManager] Created image: 'TaharezLook/CheckboxHover' (0x55b6d5617500) of type: BasicImage
30/01/2018 16:39:17 (Std) 	[ImageManager] Created image: 'TaharezLook/CheckboxMark' (0x55b6d5617c00) of type: BasicImage
30/01/2018 16:39:17 (Std) 	[ImageManager] Created image: 'TaharezLook/RadioButtonNormal' (0x55b6d5638d40) of type: BasicImage
30/01/2018 16:39:17 (Std) 	[ImageManager] Created image: 'TaharezLook/RadioButtonHover' (0x55b6d5638e60) of type: BasicImage
30/01/2018 16:39:17 (Std) 	[ImageManager] Created image: 'TaharezLook/RadioButtonMark' (0x55b6d5617fa0) of type: BasicImage
30/01/2018 16:39:17 (Std) 	[ImageManager] Created image: 'TaharezLook/TitlebarLeft' (0x55b6d56373e0) of type: BasicImage
30/01/2018 16:39:17 (Std) 	[ImageManager] Created image: 'TaharezLook/TitlebarMiddle' (0x55b6d56377d0) of type: BasicImage
30/01/2018 16:39:17 (Std) 	[ImageManager] Created image: 'TaharezLook/TitlebarRight' (0x55b6d56379e0) of type: BasicImage
30/01/2018 16:39:17 (Std) 	[ImageManager] Created image: 'TaharezLook/NewTitlebarLeft' (0x55b6d5637bf0) of type: BasicImage
30/01/2018 16:39:17 (Std) 	[ImageManager] Created image: 'TaharezLook/NewTitlebarMiddle' (0x55b6d5637d10) of type: BasicImage
30/01/2018 16:39:17 (Std) 	[ImageManager] Created image: 'TaharezLook/NewTitlebarRight' (0x55b6d5637e30) of type: BasicImage
30/01/2018 16:39:17 (Std) 	[ImageManager] Created image: 'TaharezLook/SysAreaMiddle' (0x55b6d5638040) of type: BasicImage
30/01/2018 16:39:17 (Std) 	[ImageManager] Created image: 'TaharezLook/SysAreaRight' (0x55b6d5612520) of type: BasicImage
30/01/2018 16:39:17 (Std) 	[ImageManager] Created image: 'TaharezLook/StaticLeft' (0x55b6d5612730) of type: BasicImage
30/01/2018 16:39:17 (Std) 	[ImageManager] Created image: 'TaharezLook/StaticRight' (0x55b6d5612a20) of type: BasicImage
30/01/2018 16:39:17 (Std) 	[ImageManager] Created image: 'TaharezLook/StaticTop' (0x55b6d5612d20) of type: BasicImage
30/01/2018 16:39:17 (Std) 	[ImageManager] Created image: 'TaharezLook/StaticBottom' (0x55b6d5612e40) of type: BasicImage
30/01/2018 16:39:17 (Std) 	[ImageManager] Created image: 'TaharezLook/StaticTopLeft' (0x55b6d5612f60) of type: BasicImage
30/01/2018 16:39:17 (Std) 	[ImageManager] Created image: 'TaharezLook/StaticTopRight' (0x55b6d5627930) of type: BasicImage
30/01/2018 16:39:17 (Std) 	[ImageManager] Created image: 'TaharezLook/StaticBottomLeft' (0x55b6d5627b40) of type: BasicImage
30/01/2018 16:39:17 (Std) 	[ImageManager] Created image: 'TaharezLook/StaticBottomRight' (0x55b6d5627c60) of type: BasicImage
30/01/2018 16:39:17 (Std) 	[ImageManager] Created image: 'TaharezLook/StaticBackdrop' (0x55b6d5627d80) of type: BasicImage
30/01/2018 16:39:17 (Std) 	[ImageManager] Created image: 'TaharezLook/ProgressBarLeft' (0x55b6d5628170) of type: BasicImage
30/01/2018 16:39:17 (Std) 	[ImageManager] Created image: 'TaharezLook/ProgressBarMiddle' (0x55b6d5628290) of type: BasicImage
30/01/2018 16:39:17 (Std) 	[ImageManager] Created image: 'TaharezLook/ProgressBarRight' (0x55b6d56283b0) of type: BasicImage
30/01/2018 16:39:17 (Std) 	[ImageManager] Created image: 'TaharezLook/ProgressBarDimSegment' (0x55b6d56285c0) of type: BasicImage
30/01/2018 16:39:17 (Std) 	[ImageManager] Created image: 'TaharezLook/ProgressBarLitSegment' (0x55b6d56287d0) of type: BasicImage
30/01/2018 16:39:17 (Std) 	[ImageManager] Created image: 'TaharezLook/EditBoxLeft' (0x55b6d56288f0) of type: BasicImage
30/01/2018 16:39:17 (Std) 	[ImageManager] Created image: 'TaharezLook/EditBoxMiddle' (0x55b6d5628c20) of type: BasicImage
30/01/2018 16:39:17 (Std) 	[ImageManager] Created image: 'TaharezLook/EditBoxRight' (0x55b6d5629190) of type: BasicImage
30/01/2018 16:39:17 (Std) 	[ImageManager] Created image: 'TaharezLook/EditBoxCaret' (0x55b6d56293a0) of type: BasicImage
30/01/2018 16:39:17 (Std) 	[ImageManager] Created image: 'TaharezLook/SpinnerUpNormal' (0x55b6d56295b0) of type: BasicImage
30/01/2018 16:39:17 (Std) 	[ImageManager] Created image: 'TaharezLook/SpinnerDownNormal' (0x55b6d56296d0) of type: BasicImage
30/01/2018 16:39:17 (Std) 	[ImageManager] Created image: 'TaharezLook/SpinnerUpHover' (0x55b6d56297f0) of type: BasicImage
30/01/2018 16:39:17 (Std) 	[ImageManager] Created image: 'TaharezLook/SpinnerDownHover' (0x55b6d5629be0) of type: BasicImage
30/01/2018 16:39:17 (Std) 	[ImageManager] Created image: 'TaharezLook/TextSelectionBrush' (0x55b6d5629d00) of type: BasicImage
30/01/2018 16:39:17 (Std) 	[ImageManager] Created image: 'TaharezLook/VertScrollTop' (0x55b6d5629e20) of type: BasicImage
30/01/2018 16:39:17 (Std) 	[ImageManager] Created image: 'TaharezLook/VertScrollMiddle' (0x55b6d562a210) of type: BasicImage
30/01/2018 16:39:17 (Std) 	[ImageManager] Created image: 'TaharezLook/VertScrollBottom' (0x55b6d562a330) of type: BasicImage
30/01/2018 16:39:17 (Std) 	[ImageManager] Created image: 'TaharezLook/VertScrollBarSegment' (0x55b6d562a450) of type: BasicImage
30/01/2018 16:39:17 (Std) 	[ImageManager] Created image: 'TaharezLook/VertScrollThumbNormal' (0x55b6d562a6f0) of type: BasicImage
30/01/2018 16:39:17 (Std) 	[ImageManager] Created image: 'TaharezLook/VertScrollThumbHover' (0x55b6d562a810) of type: BasicImage
30/01/2018 16:39:17 (Std) 	[ImageManager] Created image: 'TaharezLook/VertScrollUpNormal' (0x55b6d562ab40) of type: BasicImage
30/01/2018 16:39:17 (Std) 	[ImageManager] Created image: 'TaharezLook/VertScrollDownNormal' (0x55b6d562ae70) of type: BasicImage
30/01/2018 16:39:17 (Std) 	[ImageManager] Created image: 'TaharezLook/VertScrollUpHover' (0x55b6d562b290) of type: BasicImage
30/01/2018 16:39:17 (Std) 	[ImageManager] Created image: 'TaharezLook/VertScrollDownHover' (0x55b6d562b3b0) of type: BasicImage
30/01/2018 16:39:17 (Std) 	[ImageManager] Created image: 'TaharezLook/MiniVertScrollBarSegment' (0x55b6d562b740) of type: BasicImage
30/01/2018 16:39:17 (Std) 	[ImageManager] Created image: 'TaharezLook/MiniVertScrollThumbNormal' (0x55b6d562b9f0) of type: BasicImage
30/01/2018 16:39:17 (Std) 	[ImageManager] Created image: 'TaharezLook/MiniVertScrollThumbTopNormal' (0x55b6d562bb10) of type: BasicImage
30/01/2018 16:39:17 (Std) 	[ImageManager] Created image: 'TaharezLook/MiniVertScrollThumbMiddleNormal' (0x55b6d562bdc0) of type: BasicImage
30/01/2018 16:39:17 (Std) 	[ImageManager] Created image: 'TaharezLook/MiniVertScrollThumbBottomNormal' (0x55b6d5646f40) of type: BasicImage
30/01/2018 16:39:17 (Std) 	[ImageManager] Created image: 'TaharezLook/MiniVertScrollThumbTopHover' (0x55b6d56472d0) of type: BasicImage
30/01/2018 16:39:17 (Std) 	[ImageManager] Created image: 'TaharezLook/MiniVertScrollThumbMiddleHover' (0x55b6d56476c0) of type: BasicImage
30/01/2018 16:39:17 (Std) 	[ImageManager] Created image: 'TaharezLook/MiniVertScrollThumbBottomHover' (0x55b6d5647a50) of type: BasicImage
30/01/2018 16:39:17 (Std) 	[ImageManager] Created image: 'TaharezLook/MiniVertScrollThumbHover' (0x55b6d5647de0) of type: BasicImage
30/01/2018 16:39:17 (Std) 	[ImageManager] Created image: 'TaharezLook/MiniVertScrollUpNormal' (0x55b6d5648090) of type: BasicImage
30/01/2018 16:39:17 (Std) 	[ImageManager] Created image: 'TaharezLook/MiniVertScrollDownNormal' (0x55b6d56481b0) of type: BasicImage
30/01/2018 16:39:17 (Std) 	[ImageManager] Created image: 'TaharezLook/MiniVertScrollUpHover' (0x55b6d5648500) of type: BasicImage
30/01/2018 16:39:17 (Std) 	[ImageManager] Created image: 'TaharezLook/MiniVertScrollDownHover' (0x55b6d5648850) of type: BasicImage
30/01/2018 16:39:17 (Std) 	[ImageManager] Created image: 'TaharezLook/VertSliderBody' (0x55b6d5648b00) of type: BasicImage
30/01/2018 16:39:17 (Std) 	[ImageManager] Created image: 'TaharezLook/VertSliderThumbNormal' (0x55b6d5649000) of type: BasicImage
30/01/2018 16:39:17 (Std) 	[ImageManager] Created image: 'TaharezLook/VertSliderThumbHover' (0x55b6d5648ee0) of type: BasicImage
30/01/2018 16:39:17 (Std) 	[ImageManager] Created image: 'TaharezLook/MiniHorzScrollBarSegment' (0x55b6d5649490) of type: BasicImage
30/01/2018 16:39:17 (Std) 	[ImageManager] Created image: 'TaharezLook/MiniHorzScrollThumbNormal' (0x55b6d56496d0) of type: BasicImage
30/01/2018 16:39:17 (Std) 	[ImageManager] Created image: 'TaharezLook/MiniHorzScrollThumbLeftNormal' (0x55b6d5649ab0) of type: BasicImage
30/01/2018 16:39:17 (Std) 	[ImageManager] Created image: 'TaharezLook/MiniHorzScrollThumbMiddleNormal' (0x55b6d5649e00) of type: BasicImage
30/01/2018 16:39:17 (Std) 	[ImageManager] Created image: 'TaharezLook/MiniHorzScrollThumbRightNormal' (0x55b6d564a400) of type: BasicImage
30/01/2018 16:39:17 (Std) 	[ImageManager] Created image: 'TaharezLook/MiniHorzScrollThumbHover' (0x55b6d564a790) of type: BasicImage
30/01/2018 16:39:17 (Std) 	[ImageManager] Created image: 'TaharezLook/MiniHorzScrollThumbLeftHover' (0x55b6d564aae0) of type: BasicImage
30/01/2018 16:39:17 (Std) 	[ImageManager] Created image: 'TaharezLook/MiniHorzScrollThumbMiddleHover' (0x55b6d564ac00) of type: BasicImage
30/01/2018 16:39:17 (Std) 	[ImageManager] Created image: 'TaharezLook/MiniHorzScrollThumbRightHover' (0x55b6d564b200) of type: BasicImage
30/01/2018 16:39:17 (Std) 	[ImageManager] Created image: 'TaharezLook/MiniHorzScrollLeftNormal' (0x55b6d564b570) of type: BasicImage
30/01/2018 16:39:17 (Std) 	[ImageManager] Created image: 'TaharezLook/MiniHorzScrollRightNormal' (0x55b6d564b8c0) of type: BasicImage
30/01/2018 16:39:17 (Std) 	[ImageManager] Created image: 'TaharezLook/MiniHorzScrollLeftHover' (0x55b6d564b9e0) of type: BasicImage
30/01/2018 16:39:17 (Std) 	[ImageManager] Created image: 'TaharezLook/MiniHorzScrollRightHover' (0x55b6d564bd30) of type: BasicImage
30/01/2018 16:39:17 (Std) 	[ImageManager] Created image: 'TaharezLook/ListboxLeft' (0x55b6d564c1a0) of type: BasicImage
30/01/2018 16:39:17 (Std) 	[ImageManager] Created image: 'TaharezLook/ListboxRight' (0x55b6d564c080) of type: BasicImage
30/01/2018 16:39:17 (Std) 	[ImageManager] Created image: 'TaharezLook/ListboxTop' (0x55b6d564c950) of type: BasicImage
30/01/2018 16:39:17 (Std) 	[ImageManager] Created image: 'TaharezLook/ListboxBottom' (0x55b6d564cb60) of type: BasicImage
30/01/2018 16:39:17 (Std) 	[ImageManager] Created image: 'TaharezLook/ListboxTopLeft' (0x55b6d564cd70) of type: BasicImage
30/01/2018 16:39:17 (Std) 	[ImageManager] Created image: 'TaharezLook/ListboxTopRight' (0x55b6d564cf80) of type: BasicImage
30/01/2018 16:39:17 (Std) 	[ImageManager] Created image: 'TaharezLook/ListboxBottomLeft' (0x55b6d564d0a0) of type: BasicImage
30/01/2018 16:39:17 (Std) 	[ImageManager] Created image: 'TaharezLook/ListboxBottomRight' (0x55b6d564d1c0) of type: BasicImage
30/01/2018 16:39:17 (Std) 	[ImageManager] Created image: 'TaharezLook/ListboxBackdrop' (0x55b6d564d3d0) of type: BasicImage
30/01/2018 16:39:17 (Std) 	[ImageManager] Created image: 'TaharezLook/ListboxSelectionBrush' (0x55b6d5663b60) of type: BasicImage
30/01/2018 16:39:17 (Std) 	[ImageManager] Created image: 'TaharezLook/ComboboxEditLeft' (0x55b6d5663e00) of type: BasicImage
30/01/2018 16:39:17 (Std) 	[ImageManager] Created image: 'TaharezLook/ComboboxEditMiddle' (0x55b6d5663f20) of type: BasicImage
30/01/2018 16:39:17 (Std) 	[ImageManager] Created image: 'TaharezLook/ComboboxListButtonNormal' (0x55b6d56642b0) of type: BasicImage
30/01/2018 16:39:17 (Std) 	[ImageManager] Created image: 'TaharezLook/ComboboxListButtonHover' (0x55b6d5664560) of type: BasicImage
30/01/2018 16:39:17 (Std) 	[ImageManager] Created image: 'TaharezLook/ComboboxListLeft' (0x55b6d5664680) of type: BasicImage
30/01/2018 16:39:17 (Std) 	[ImageManager] Created image: 'TaharezLook/ComboboxListRight' (0x55b6d5664a50) of type: BasicImage
30/01/2018 16:39:17 (Std) 	[ImageManager] Created image: 'TaharezLook/ComboboxListTop' (0x55b6d5664930) of type: BasicImage
30/01/2018 16:39:17 (Std) 	[ImageManager] Created image: 'TaharezLook/ComboboxListBottom' (0x55b6d5664ee0) of type: BasicImage
30/01/2018 16:39:17 (Std) 	[ImageManager] Created image: 'TaharezLook/ComboboxListTopLeft' (0x55b6d56650f0) of type: BasicImage
30/01/2018 16:39:17 (Std) 	[ImageManager] Created image: 'TaharezLook/ComboboxListTopRight' (0x55b6d5665300) of type: BasicImage
30/01/2018 16:39:17 (Std) 	[ImageManager] Created image: 'TaharezLook/ComboboxListBottomLeft' (0x55b6d56655a0) of type: BasicImage
30/01/2018 16:39:17 (Std) 	[ImageManager] Created image: 'TaharezLook/ComboboxListBottomRight' (0x55b6d56656c0) of type: BasicImage
30/01/2018 16:39:17 (Std) 	[ImageManager] Created image: 'TaharezLook/ComboboxListBackdrop' (0x55b6d5665a00) of type: BasicImage
30/01/2018 16:39:17 (Std) 	[ImageManager] Created image: 'TaharezLook/ComboboxSelectionBrush' (0x55b6d5665e70) of type: BasicImage
30/01/2018 16:39:17 (Std) 	[ImageManager] Created image: 'TaharezLook/ComboboxDividerLeft' (0x55b6d5665d50) of type: BasicImage
30/01/2018 16:39:17 (Std) 	[ImageManager] Created image: 'TaharezLook/ComboboxDividerMiddle' (0x55b6d56663e0) of type: BasicImage
30/01/2018 16:39:17 (Std) 	[ImageManager] Created image: 'TaharezLook/ComboboxDividerRight' (0x55b6d5666770) of type: BasicImage
30/01/2018 16:39:17 (Std) 	[ImageManager] Created image: 'TaharezLook/HeaderBarBackdropNormal' (0x55b6d5666890) of type: BasicImage
30/01/2018 16:39:17 (Std) 	[ImageManager] Created image: 'TaharezLook/HeaderBarBackdropHover' (0x55b6d5666bc0) of type: BasicImage
30/01/2018 16:39:17 (Std) 	[ImageManager] Created image: 'TaharezLook/HeaderBarSplitterNormal' (0x55b6d56670c0) of type: BasicImage
30/01/2018 16:39:17 (Std) 	[ImageManager] Created image: 'TaharezLook/HeaderBarSplitterHover' (0x55b6d5666fa0) of type: BasicImage
30/01/2018 16:39:17 (Std) 	[ImageManager] Created image: 'TaharezLook/HeaderBarSortUp' (0x55b6d5667760) of type: BasicImage
30/01/2018 16:39:17 (Std) 	[ImageManager] Created image: 'TaharezLook/HeaderBarSortDown' (0x55b6d5667640) of type: BasicImage
30/01/2018 16:39:17 (Std) 	[ImageManager] Created image: 'TaharezLook/MultiListLeft' (0x55b6d5667c90) of type: BasicImage
30/01/2018 16:39:17 (Std) 	[ImageManager] Created image: 'TaharezLook/MultiListRight' (0x55b6d5668080) of type: BasicImage
30/01/2018 16:39:17 (Std) 	[ImageManager] Created image: 'TaharezLook/MultiListTop' (0x55b6d5668290) of type: BasicImage
30/01/2018 16:39:17 (Std) 	[ImageManager] Created image: 'TaharezLook/MultiListBottom' (0x55b6d56684a0) of type: BasicImage
30/01/2018 16:39:17 (Std) 	[ImageManager] Created image: 'TaharezLook/MultiListTopLeft' (0x55b6d56685c0) of type: BasicImage
30/01/2018 16:39:17 (Std) 	[ImageManager] Created image: 'TaharezLook/MultiListTopRight' (0x55b6d56686e0) of type: BasicImage
30/01/2018 16:39:17 (Std) 	[ImageManager] Created image: 'TaharezLook/MultiListBottomLeft' (0x55b6d56688f0) of type: BasicImage
30/01/2018 16:39:17 (Std) 	[ImageManager] Created image: 'TaharezLook/MultiListBottomRight' (0x55b6d5668b00) of type: BasicImage
30/01/2018 16:39:17 (Std) 	[ImageManager] Created image: 'TaharezLook/MultiListBackdrop' (0x55b6d5668da0) of type: BasicImage
30/01/2018 16:39:17 (Std) 	[ImageManager] Created image: 'TaharezLook/MultiListSelectionBrush' (0x55b6d5668ec0) of type: BasicImage
30/01/2018 16:39:17 (Std) 	[ImageManager] Created image: 'TaharezLook/AltProgressLeft' (0x55b6d5669390) of type: BasicImage
30/01/2018 16:39:17 (Std) 	[ImageManager] Created image: 'TaharezLook/AltProgressMiddle' (0x55b6d56695d0) of type: BasicImage
30/01/2018 16:39:17 (Std) 	[ImageManager] Created image: 'TaharezLook/AltProgressRight' (0x55b6d56694b0) of type: BasicImage
30/01/2018 16:39:17 (Std) 	[ImageManager] Created image: 'TaharezLook/AltProgressQuarter' (0x55b6d5669a60) of type: BasicImage
30/01/2018 16:39:17 (Std) 	[ImageManager] Created image: 'TaharezLook/AltProgressHalf' (0x55b6d5669c70) of type: BasicImage
30/01/2018 16:39:17 (Std) 	[ImageManager] Created image: 'TaharezLook/AltProgressLight1' (0x55b6d5669e80) of type: BasicImage
30/01/2018 16:39:17 (Std) 	[ImageManager] Created image: 'TaharezLook/AltProgressLight2' (0x55b6d566a090) of type: BasicImage
30/01/2018 16:39:17 (Std) 	[ImageManager] Created image: 'TaharezLook/AltProgressLight3' (0x55b6d566a2a0) of type: BasicImage
30/01/2018 16:39:17 (Std) 	[ImageManager] Created image: 'TaharezLook/AltProgressLight4' (0x55b6d566a4b0) of type: BasicImage
30/01/2018 16:39:17 (Std) 	[ImageManager] Created image: 'TaharezLook/AltProgressLight5' (0x55b6d566a6c0) of type: BasicImage
30/01/2018 16:39:17 (Std) 	[ImageManager] Created image: 'TaharezLook/AltProgressLight6' (0x55b6d566a8d0) of type: BasicImage
30/01/2018 16:39:17 (Std) 	[ImageManager] Created image: 'TaharezLook/AltProgressLight7' (0x55b6d566aae0) of type: BasicImage
30/01/2018 16:39:17 (Std) 	[ImageManager] Created image: 'TaharezLook/AltProgressLight8' (0x55b6d566acf0) of type: BasicImage
30/01/2018 16:39:17 (Std) 	[ImageManager] Created image: 'TaharezLook/AltProgressLight9' (0x55b6d566af00) of type: BasicImage
30/01/2018 16:39:17 (Std) 	[ImageManager] Created image: 'TaharezLook/AltProgressLight10' (0x55b6d566b110) of type: BasicImage
30/01/2018 16:39:17 (Std) 	[ImageManager] Created image: 'TaharezLook/CloseButtonNormal' (0x55b6d566b320) of type: BasicImage
30/01/2018 16:39:17 (Std) 	[ImageManager] Created image: 'TaharezLook/CloseButtonHover' (0x55b6d566b530) of type: BasicImage
30/01/2018 16:39:17 (Std) 	[ImageManager] Created image: 'TaharezLook/CloseButtonPressed' (0x55b6d566b740) of type: BasicImage
30/01/2018 16:39:17 (Std) 	[ImageManager] Created image: 'TaharezLook/NewCloseButtonNormal' (0x55b6d566b950) of type: BasicImage
30/01/2018 16:39:17 (Std) 	[ImageManager] Created image: 'TaharezLook/NewCloseButtonHover' (0x55b6d566bbf0) of type: BasicImage
30/01/2018 16:39:17 (Std) 	[ImageManager] Created image: 'TaharezLook/NewCloseButtonPressed' (0x55b6d566bd10) of type: BasicImage
30/01/2018 16:39:17 (Std) 	[ImageManager] Created image: 'TaharezLook/MultiLineEditboxLeft' (0x55b6d566c130) of type: BasicImage
30/01/2018 16:39:17 (Std) 	[ImageManager] Created image: 'TaharezLook/MultiLineEditboxRight' (0x55b6d566c250) of type: BasicImage
30/01/2018 16:39:17 (Std) 	[ImageManager] Created image: 'TaharezLook/MultiLineEditboxTop' (0x55b6d566c580) of type: BasicImage
30/01/2018 16:39:17 (Std) 	[ImageManager] Created image: 'TaharezLook/MultiLineEditboxBottom' (0x55b6d566c8b0) of type: BasicImage
30/01/2018 16:39:17 (Std) 	[ImageManager] Created image: 'TaharezLook/MultiLineEditboxTopLeft' (0x55b6d566cce0) of type: BasicImage
30/01/2018 16:39:17 (Std) 	[ImageManager] Created image: 'TaharezLook/MultiLineEditboxTopRight' (0x55b6d566ce00) of type: BasicImage
30/01/2018 16:39:17 (Std) 	[ImageManager] Created image: 'TaharezLook/MultiLineEditboxBottomLeft' (0x55b6d566d270) of type: BasicImage
30/01/2018 16:39:17 (Std) 	[ImageManager] Created image: 'TaharezLook/MultiLineEditboxBottomRight' (0x55b6d566d150) of type: BasicImage
30/01/2018 16:39:17 (Std) 	[ImageManager] Created image: 'TaharezLook/MultiLineEditboxBackdrop' (0x55b6d566d8f0) of type: BasicImage
30/01/2018 16:39:17 (Std) 	[ImageManager] Created image: 'TaharezLook/MultiLineEditboxSelectionBrush' (0x55b6d566dde0) of type: BasicImage
30/01/2018 16:39:17 (Std) 	[ImageManager] Created image: 'TaharezLook/MouseTarget' (0x55b6d566df00) of type: BasicImage
30/01/2018 16:39:17 (Std) 	[ImageManager] Created image: 'TaharezLook/MouseArrow' (0x55b6d5664b70) of type: BasicImage
30/01/2018 16:39:17 (Std) 	[ImageManager] Created image: 'TaharezLook/MouseMoveCursor' (0x55b6d566ed60) of type: BasicImage
30/01/2018 16:39:17 (Std) 	[ImageManager] Created image: 'TaharezLook/MouseNoSoCursor' (0x55b6d566e680) of type: BasicImage
30/01/2018 16:39:17 (Std) 	[ImageManager] Created image: 'TaharezLook/MouseEsWeCursor' (0x55b6d566f1a0) of type: BasicImage
30/01/2018 16:39:17 (Std) 	[ImageManager] Created image: 'TaharezLook/MouseNeSwCursor' (0x55b6d566e4f0) of type: BasicImage
30/01/2018 16:39:17 (Std) 	[ImageManager] Created image: 'TaharezLook/MouseNwSeCursor' (0x55b6d566f630) of type: BasicImage
30/01/2018 16:39:17 (Std) 	[ImageManager] Created image: 'TaharezLook/MouseTextBar' (0x55b6d566f840) of type: BasicImage
30/01/2018 16:39:17 (Std) 	[ImageManager] Created image: 'TaharezLook/TabHorizontalFiller' (0x55b6d566ee80) of type: BasicImage
30/01/2018 16:39:17 (Std) 	[ImageManager] Created image: 'TaharezLook/TabContentPaneUpperLeft' (0x55b6d566efa0) of type: BasicImage
30/01/2018 16:39:17 (Std) 	[ImageManager] Created image: 'TaharezLook/TabContentPaneUpper' (0x55b6d566fc30) of type: BasicImage
30/01/2018 16:39:17 (Std) 	[ImageManager] Created image: 'TaharezLook/TabContentPaneUpperRight' (0x55b6d566fe70) of type: BasicImage
30/01/2018 16:39:17 (Std) 	[ImageManager] Created image: 'TaharezLook/TabContentPaneLeft' (0x55b6d566fd50) of type: BasicImage
30/01/2018 16:39:17 (Std) 	[ImageManager] Created image: 'TaharezLook/TabContentPaneRight' (0x55b6d5670120) of type: BasicImage
30/01/2018 16:39:17 (Std) 	[ImageManager] Created image: 'TaharezLook/TabContentPaneLower' (0x55b6d5670330) of type: BasicImage
30/01/2018 16:39:17 (Std) 	[ImageManager] Created image: 'TaharezLook/TabContentPaneLowerLeft' (0x55b6d5670540) of type: BasicImage
30/01/2018 16:39:17 (Std) 	[ImageManager] Created image: 'TaharezLook/TabContentPaneLowerRight' (0x55b6d56707f0) of type: BasicImage
30/01/2018 16:39:17 (Std) 	[ImageManager] Created image: 'TaharezLook/TabContentPaneMiddle' (0x55b6d5670a30) of type: BasicImage
30/01/2018 16:39:17 (Std) 	[ImageManager] Created image: 'TaharezLook/TabButtonScrollLeftNormal' (0x55b6d5670910) of type: BasicImage
30/01/2018 16:39:17 (Std) 	[ImageManager] Created image: 'TaharezLook/TabButtonScrollRightNormal' (0x55b6d5670f10) of type: BasicImage
30/01/2018 16:39:17 (Std) 	[ImageManager] Created image: 'TaharezLook/TabButtonScrollLeftHover' (0x55b6d56712f0) of type: BasicImage
30/01/2018 16:39:17 (Std) 	[ImageManager] Created image: 'TaharezLook/TabButtonScrollRightHover' (0x55b6d5671740) of type: BasicImage
30/01/2018 16:39:17 (Std) 	[ImageManager] Created image: 'TaharezLook/TabButtonLeftNormal' (0x55b6d56719f0) of type: BasicImage
30/01/2018 16:39:17 (Std) 	[ImageManager] Created image: 'TaharezLook/TabButtonRightNormal' (0x55b6d5671d40) of type: BasicImage
30/01/2018 16:39:17 (Std) 	[ImageManager] Created image: 'TaharezLook/TabButtonUpperNormal' (0x55b6d5672170) of type: BasicImage
30/01/2018 16:39:17 (Std) 	[ImageManager] Created image: 'TaharezLook/TabButtonLowerNormal' (0x55b6d5672290) of type: BasicImage
30/01/2018 16:39:17 (Std) 	[ImageManager] Created image: 'TaharezLook/TabButtonUpperLeftNormal' (0x55b6d56725c0) of type: BasicImage
30/01/2018 16:39:17 (Std) 	[ImageManager] Created image: 'TaharezLook/TabButtonUpperLeft2Normal' (0x55b6d56728f0) of type: BasicImage
30/01/2018 16:39:17 (Std) 	[ImageManager] Created image: 'TaharezLook/TabButtonUpperRightNormal' (0x55b6d5672c30) of type: BasicImage
30/01/2018 16:39:17 (Std) 	[ImageManager] Created image: 'TaharezLook/TabButtonLowerLeftNormal' (0x55b6d5672f80) of type: BasicImage
30/01/2018 16:39:17 (Std) 	[ImageManager] Created image: 'TaharezLook/TabButtonLowerRightNormal' (0x55b6d56732d0) of type: BasicImage
30/01/2018 16:39:17 (Std) 	[ImageManager] Created image: 'TaharezLook/TabButtonLowerRight2Normal' (0x55b6d5673620) of type: BasicImage
30/01/2018 16:39:17 (Std) 	[ImageManager] Created image: 'TaharezLook/TabButtonMiddleNormal' (0x55b6d5673970) of type: BasicImage
30/01/2018 16:39:17 (Std) 	[ImageManager] Created image: 'TaharezLook/TabButtonLeftSelected' (0x55b6d5673dc0) of type: BasicImage
30/01/2018 16:39:17 (Std) 	[ImageManager] Created image: 'TaharezLook/TabButtonRightSelected' (0x55b6d5674070) of type: BasicImage
30/01/2018 16:39:17 (Std) 	[ImageManager] Created image: 'TaharezLook/TabButtonUpperSelected' (0x55b6d56743a0) of type: BasicImage
30/01/2018 16:39:17 (Std) 	[ImageManager] Created image: 'TaharezLook/TabButtonLowerSelected' (0x55b6d56746e0) of type: BasicImage
30/01/2018 16:39:17 (Std) 	[ImageManager] Created image: 'TaharezLook/TabButtonUpperLeftSelected' (0x55b6d5674a30) of type: BasicImage
30/01/2018 16:39:17 (Std) 	[ImageManager] Created image: 'TaharezLook/TabButtonUpperRightSelected' (0x55b6d5674d80) of type: BasicImage
30/01/2018 16:39:17 (Std) 	[ImageManager] Created image: 'TaharezLook/TabButtonLowerLeftSelected' (0x55b6d56750f0) of type: BasicImage
30/01/2018 16:39:17 (Std) 	[ImageManager] Created image: 'TaharezLook/TabButtonLowerRightSelected' (0x55b6d56756e0) of type: BasicImage
30/01/2018 16:39:17 (Std) 	[ImageManager] Created image: 'TaharezLook/TabButtonMiddleSelected' (0x55b6d5675800) of type: BasicImage
30/01/2018 16:39:17 (Std) 	[ImageManager] Created image: 'TaharezLook/TooltipTopLeft' (0x55b6d5675de0) of type: BasicImage
30/01/2018 16:39:17 (Std) 	[ImageManager] Created image: 'TaharezLook/TooltipTopRight' (0x55b6d5676020) of type: BasicImage
30/01/2018 16:39:17 (Std) 	[ImageManager] Created image: 'TaharezLook/TooltipBottomLeft' (0x55b6d5675f00) of type: BasicImage
30/01/2018 16:39:17 (Std) 	[ImageManager] Created image: 'TaharezLook/TooltipBottomRight' (0x55b6d56764b0) of type: BasicImage
30/01/2018 16:39:17 (Std) 	[ImageManager] Created image: 'TaharezLook/TooltipLeftEdge' (0x55b6d56766c0) of type: BasicImage
30/01/2018 16:39:17 (Std) 	[ImageManager] Created image: 'TaharezLook/TooltipRightEdge' (0x55b6d56768d0) of type: BasicImage
30/01/2018 16:39:17 (Std) 	[ImageManager] Created image: 'TaharezLook/TooltipTopEdge' (0x55b6d5676ae0) of type: BasicImage
30/01/2018 16:39:17 (Std) 	[ImageManager] Created image: 'TaharezLook/TooltipBottomEdge' (0x55b6d5676ed0) of type: BasicImage
30/01/2018 16:39:17 (Std) 	[ImageManager] Created image: 'TaharezLook/TooltipMiddle' (0x55b6d5676ff0) of type: BasicImage
30/01/2018 16:39:17 (Std) 	[ImageManager] Created image: 'TaharezLook/MenuTopLeft' (0x55b6d56772f0) of type: BasicImage
30/01/2018 16:39:17 (Std) 	[ImageManager] Created image: 'TaharezLook/MenuTopRight' (0x55b6d56775f0) of type: BasicImage
30/01/2018 16:39:17 (Std) 	[ImageManager] Created image: 'TaharezLook/MenuBottomLeft' (0x55b6d5677710) of type: BasicImage
30/01/2018 16:39:17 (Std) 	[ImageManager] Created image: 'TaharezLook/MenuBottomRight' (0x55b6d5677920) of type: BasicImage
30/01/2018 16:39:17 (Std) 	[ImageManager] Created image: 'TaharezLook/MenuLeft' (0x55b6d5677a40) of type: BasicImage
30/01/2018 16:39:17 (Std) 	[ImageManager] Created image: 'TaharezLook/MenuRight' (0x55b6d5677d40) of type: BasicImage
30/01/2018 16:39:17 (Std) 	[ImageManager] Created image: 'TaharezLook/MenuTop' (0x55b6d5677e60) of type: BasicImage
30/01/2018 16:39:17 (Std) 	[ImageManager] Created image: 'TaharezLook/MenuBottom' (0x55b6d5678070) of type: BasicImage
30/01/2018 16:39:17 (Std) 	[ImageManager] Created image: 'TaharezLook/MenuMiddle' (0x55b6d5678270) of type: BasicImage
30/01/2018 16:39:17 (Std) 	[ImageManager] Created image: 'TaharezLook/PopupMenuFrameTopLeft' (0x55b6d5678660) of type: BasicImage
30/01/2018 16:39:17 (Std) 	[ImageManager] Created image: 'TaharezLook/PopupMenuFrameTopRight' (0x55b6d5678810) of type: BasicImage
30/01/2018 16:39:17 (Std) 	[ImageManager] Created image: 'TaharezLook/PopupMenuFrameBottomLeft' (0x55b6d5678930) of type: BasicImage
30/01/2018 16:39:17 (Std) 	[ImageManager] Created image: 'TaharezLook/PopupMenuFrameBottomRight' (0x55b6d5678b80) of type: BasicImage
30/01/2018 16:39:17 (Std) 	[ImageManager] Created image: 'TaharezLook/PopupMenuFrameLeft' (0x55b6d5678ed0) of type: BasicImage
30/01/2018 16:39:17 (Std) 	[ImageManager] Created image: 'TaharezLook/PopupMenuFrameRight' (0x55b6d5679220) of type: BasicImage
30/01/2018 16:39:17 (Std) 	[ImageManager] Created image: 'TaharezLook/PopupMenuFrameTop' (0x55b6d56795c0) of type: BasicImage
30/01/2018 16:39:17 (Std) 	[ImageManager] Created image: 'TaharezLook/PopupMenuFrameBottom' (0x55b6d56797d0) of type: BasicImage
30/01/2018 16:39:17 (Std) 	[ImageManager] Created image: 'TaharezLook/PopupMenuMiddle' (0x55b6d5679a70) of type: BasicImage
30/01/2018 16:39:17 (Std) 	[ImageManager] Created image: 'TaharezLook/PopupMenuArrowRight' (0x55b6d5679b90) of type: BasicImage
30/01/2018 16:39:17 (Std) 	[ImageManager] Created image: 'TaharezLook/PopupMenuArrowLeft' (0x55b6d5679f20) of type: BasicImage
30/01/2018 16:39:17 (Std) 	[ImageManager] Created image: 'TaharezLook/TreeListClosed' (0x55b6d567a130) of type: BasicImage
30/01/2018 16:39:17 (Std) 	[ImageManager] Created image: 'TaharezLook/TreeListOpened' (0x55b6d567a520) of type: BasicImage
30/01/2018 16:39:17 (Std) 	===== Falagard 'root' element: look and feel parsing begins =====
30/01/2018 16:39:17 (Std) 	===== Look and feel parsing completed =====
30/01/2018 16:39:17 (Std) 	No window renderer factories specified for module 'CEGUICoreWindowRendererSet' - adding all available factories...
30/01/2018 16:39:17 (Std) 	Creating falagard mapping for type 'TaharezLook/Label' using base type 'DefaultWindow', window renderer 'Core/Default' Look'N'Feel 'TaharezLook/Label' and RenderEffect ''. (0x7ffd3d10a7b0)
30/01/2018 16:39:17 (Std) 	Creating falagard mapping for type 'TaharezLook/Button' using base type 'CEGUI/PushButton', window renderer 'Core/Button' Look'N'Feel 'TaharezLook/Button' and RenderEffect ''. (0x7ffd3d10a7b0)
30/01/2018 16:39:17 (Std) 	Creating falagard mapping for type 'TaharezLook/Checkbox' using base type 'CEGUI/ToggleButton', window renderer 'Core/ToggleButton' Look'N'Feel 'TaharezLook/Checkbox' and RenderEffect ''. (0x7ffd3d10a7b0)
30/01/2018 16:39:17 (Std) 	Creating falagard mapping for type 'TaharezLook/ImageButton' using base type 'CEGUI/PushButton', window renderer 'Core/Button' Look'N'Feel 'TaharezLook/ImageButton' and RenderEffect ''. (0x7ffd3d10a7b0)
30/01/2018 16:39:17 (Std) 	Creating falagard mapping for type 'TaharezLook/RadioButton' using base type 'CEGUI/RadioButton', window renderer 'Core/ToggleButton' Look'N'Feel 'TaharezLook/RadioButton' and RenderEffect ''. (0x7ffd3d10a7b0)
30/01/2018 16:39:17 (Std) 	Creating falagard mapping for type 'TaharezLook/FrameWindow' using base type 'CEGUI/FrameWindow', window renderer 'Core/FrameWindow' Look'N'Feel 'TaharezLook/FrameWindow' and RenderEffect ''. (0x7ffd3d10a7b0)
30/01/2018 16:39:17 (Std) 	Creating falagard mapping for type 'TaharezLook/Titlebar' using base type 'CEGUI/Titlebar', window renderer 'Core/Titlebar' Look'N'Feel 'TaharezLook/Titlebar' and RenderEffect ''. (0x7ffd3d10a7b0)
30/01/2018 16:39:17 (Std) 	Creating falagard mapping for type 'TaharezLook/Editbox' using base type 'CEGUI/Editbox', window renderer 'Core/Editbox' Look'N'Feel 'TaharezLook/Editbox' and RenderEffect ''. (0x7ffd3d10a7b0)
30/01/2018 16:39:17 (Std) 	Creating falagard mapping for type 'TaharezLook/MultiLineEditbox' using base type 'CEGUI/MultiLineEditbox', window renderer 'Core/MultiLineEditbox' Look'N'Feel 'TaharezLook/MultiLineEditbox' and RenderEffect ''. (0x7ffd3d10a7b0)
30/01/2018 16:39:17 (Std) 	Creating falagard mapping for type 'TaharezLook/Menubar' using base type 'CEGUI/Menubar', window renderer 'Core/Menubar' Look'N'Feel 'TaharezLook/Menubar' and RenderEffect ''. (0x7ffd3d10a7b0)
30/01/2018 16:39:17 (Std) 	Creating falagard mapping for type 'TaharezLook/PopupMenu' using base type 'CEGUI/PopupMenu', window renderer 'Core/PopupMenu' Look'N'Feel 'TaharezLook/PopupMenu' and RenderEffect ''. (0x7ffd3d10a7b0)
30/01/2018 16:39:17 (Std) 	Creating falagard mapping for type 'TaharezLook/MenuItem' using base type 'CEGUI/MenuItem', window renderer 'Core/MenuItem' Look'N'Feel 'TaharezLook/MenuItem' and RenderEffect ''. (0x7ffd3d10a7b0)
30/01/2018 16:39:17 (Std) 	Creating falagard mapping for type 'TaharezLook/AlternateProgressBar' using base type 'CEGUI/ProgressBar', window renderer 'Core/ProgressBar' Look'N'Feel 'TaharezLook/AltProgressBar' and RenderEffect ''. (0x7ffd3d10a7b0)
30/01/2018 16:39:17 (Std) 	Creating falagard mapping for type 'TaharezLook/ProgressBar' using base type 'CEGUI/ProgressBar', window renderer 'Core/ProgressBar' Look'N'Feel 'TaharezLook/ProgressBar' and RenderEffect ''. (0x7ffd3d10a7b0)
30/01/2018 16:39:17 (Std) 	Creating falagard mapping for type 'TaharezLook/VUMeter' using base type 'CEGUI/ProgressBar', window renderer 'Core/ProgressBar' Look'N'Feel 'TaharezLook/VUMeter' and RenderEffect ''. (0x7ffd3d10a7b0)
30/01/2018 16:39:17 (Std) 	Creating falagard mapping for type 'TaharezLook/VerticalScrollbar' using base type 'CEGUI/Scrollbar', window renderer 'Core/Scrollbar' Look'N'Feel 'TaharezLook/VerticalScrollbar' and RenderEffect ''. (0x7ffd3d10a7b0)
30/01/2018 16:39:17 (Std) 	Creating falagard mapping for type 'TaharezLook/HorizontalScrollbar' using base type 'CEGUI/Scrollbar', window renderer 'Core/Scrollbar' Look'N'Feel 'TaharezLook/HorizontalScrollbar' and RenderEffect ''. (0x7ffd3d10a7b0)
30/01/2018 16:39:17 (Std) 	Creating falagard mapping for type 'TaharezLook/VerticalScrollbarThumb' using base type 'CEGUI/Thumb', window renderer 'Core/Button' Look'N'Feel 'TaharezLook/VerticalScrollbarThumb' and RenderEffect ''. (0x7ffd3d10a7b0)
30/01/2018 16:39:17 (Std) 	Creating falagard mapping for type 'TaharezLook/HorizontalScrollbarThumb' using base type 'CEGUI/Thumb', window renderer 'Core/Button' Look'N'Feel 'TaharezLook/HorizontalScrollbarThumb' and RenderEffect ''. (0x7ffd3d10a7b0)
30/01/2018 16:39:17 (Std) 	Creating falagard mapping for type 'TaharezLook/LargeVerticalScrollbar' using base type 'CEGUI/Scrollbar', window renderer 'Core/Scrollbar' Look'N'Feel 'TaharezLook/LargeVerticalScrollbar' and RenderEffect ''. (0x7ffd3d10a7b0)
30/01/2018 16:39:17 (Std) 	Creating falagard mapping for type 'TaharezLook/LargeVerticalScrollbarThumb' using base type 'CEGUI/Thumb', window renderer 'Core/Button' Look'N'Feel 'TaharezLook/LargeVerticalScrollbarThumb' and RenderEffect ''. (0x7ffd3d10a7b0)
30/01/2018 16:39:17 (Std) 	Creating falagard mapping for type 'TaharezLook/TabButton' using base type 'CEGUI/TabButton', window renderer 'Core/TabButton' Look'N'Feel 'TaharezLook/TabButton' and RenderEffect ''. (0x7ffd3d10a7b0)
30/01/2018 16:39:17 (Std) 	Creating falagard mapping for type 'TaharezLook/TabControl' using base type 'CEGUI/TabControl', window renderer 'Core/TabControl' Look'N'Feel 'TaharezLook/TabControl' and RenderEffect ''. (0x7ffd3d10a7b0)
30/01/2018 16:39:17 (Std) 	Creating falagard mapping for type 'TaharezLook/TabContentPane' using base type 'DefaultWindow', window renderer 'Core/Default' Look'N'Feel 'TaharezLook/TabContentPane' and RenderEffect ''. (0x7ffd3d10a7b0)
30/01/2018 16:39:17 (Std) 	Creating falagard mapping for type 'TaharezLook/TabButtonPane' using base type 'DefaultWindow', window renderer 'Core/Default' Look'N'Feel 'TaharezLook/TabButtonPane' and RenderEffect ''. (0x7ffd3d10a7b0)
30/01/2018 16:39:17 (Std) 	Creating falagard mapping for type 'TaharezLook/ComboDropList' using base type 'CEGUI/ComboDropList', window renderer 'Core/Listbox' Look'N'Feel 'TaharezLook/ComboDropList' and RenderEffect ''. (0x7ffd3d10a7b0)
30/01/2018 16:39:17 (Std) 	Creating falagard mapping for type 'TaharezLook/ComboEditbox' using base type 'CEGUI/Editbox', window renderer 'Core/Editbox' Look'N'Feel 'TaharezLook/ComboEditbox' and RenderEffect ''. (0x7ffd3d10a7b0)
30/01/2018 16:39:17 (Std) 	Creating falagard mapping for type 'TaharezLook/Combobox' using base type 'CEGUI/Combobox', window renderer 'Core/Default' Look'N'Feel 'TaharezLook/Combobox' and RenderEffect ''. (0x7ffd3d10a7b0)
30/01/2018 16:39:17 (Std) 	Creating falagard mapping for type 'TaharezLook/Listbox' using base type 'CEGUI/Listbox', window renderer 'Core/Listbox' Look'N'Feel 'TaharezLook/Listbox' and RenderEffect ''. (0x7ffd3d10a7b0)
30/01/2018 16:39:17 (Std) 	Creating falagard mapping for type 'TaharezLook/ListHeader' using base type 'CEGUI/ListHeader', window renderer 'Core/ListHeader' Look'N'Feel 'TaharezLook/ListHeader' and RenderEffect ''. (0x7ffd3d10a7b0)
30/01/2018 16:39:17 (Std) 	Creating falagard mapping for type 'TaharezLook/ListHeaderSegment' using base type 'CEGUI/ListHeaderSegment', window renderer 'Core/ListHeaderSegment' Look'N'Feel 'TaharezLook/ListHeaderSegment' and RenderEffect ''. (0x7ffd3d10a7b0)
30/01/2018 16:39:17 (Std) 	Creating falagard mapping for type 'TaharezLook/MultiColumnList' using base type 'CEGUI/MultiColumnList', window renderer 'Core/MultiColumnList' Look'N'Feel 'TaharezLook/MultiColumnList' and RenderEffect ''. (0x7ffd3d10a7b0)
30/01/2018 16:39:17 (Std) 	Creating falagard mapping for type 'TaharezLook/Slider' using base type 'CEGUI/Slider', window renderer 'Core/Slider' Look'N'Feel 'TaharezLook/Slider' and RenderEffect ''. (0x7ffd3d10a7b0)
30/01/2018 16:39:17 (Std) 	Creating falagard mapping for type 'TaharezLook/SliderThumb' using base type 'CEGUI/Thumb', window renderer 'Core/Button' Look'N'Feel 'TaharezLook/SliderThumb' and RenderEffect ''. (0x7ffd3d10a7b0)
30/01/2018 16:39:17 (Std) 	Creating falagard mapping for type 'TaharezLook/ScrollablePane' using base type 'CEGUI/ScrollablePane', window renderer 'Core/ScrollablePane' Look'N'Feel 'TaharezLook/ScrollablePane' and RenderEffect ''. (0x7ffd3d10a7b0)
30/01/2018 16:39:17 (Std) 	Creating falagard mapping for type 'TaharezLook/Spinner' using base type 'CEGUI/Spinner', window renderer 'Core/Default' Look'N'Feel 'TaharezLook/Spinner' and RenderEffect ''. (0x7ffd3d10a7b0)
30/01/2018 16:39:17 (Std) 	Creating falagard mapping for type 'TaharezLook/Tooltip' using base type 'CEGUI/Tooltip', window renderer 'Core/Tooltip' Look'N'Feel 'TaharezLook/Tooltip' and RenderEffect ''. (0x7ffd3d10a7b0)
30/01/2018 16:39:17 (Std) 	Creating falagard mapping for type 'TaharezLook/StaticImage' using base type 'DefaultWindow', window renderer 'Core/StaticImage' Look'N'Feel 'TaharezLook/StaticImage' and RenderEffect ''. (0x7ffd3d10a7b0)
30/01/2018 16:39:17 (Std) 	Creating falagard mapping for type 'TaharezLook/StaticText' using base type 'DefaultWindow', window renderer 'Core/StaticText' Look'N'Feel 'TaharezLook/StaticText' and RenderEffect ''. (0x7ffd3d10a7b0)
30/01/2018 16:39:17 (Std) 	Creating falagard mapping for type 'TaharezLook/ItemListbox' using base type 'CEGUI/ItemListbox', window renderer 'Core/ItemListbox' Look'N'Feel 'TaharezLook/ItemListbox' and RenderEffect ''. (0x7ffd3d10a7b0)
30/01/2018 16:39:17 (Std) 	Creating falagard mapping for type 'TaharezLook/ListboxItem' using base type 'CEGUI/ItemEntry', window renderer 'Core/ItemEntry' Look'N'Feel 'TaharezLook/ListboxItem' and RenderEffect ''. (0x7ffd3d10a7b0)
30/01/2018 16:39:17 (Std) 	Creating falagard mapping for type 'TaharezLook/GroupBox' using base type 'DefaultWindow', window renderer 'Core/Default' Look'N'Feel 'TaharezLook/GroupBox' and RenderEffect ''. (0x7ffd3d10a7b0)
30/01/2018 16:39:17 (Std) 	Creating falagard mapping for type 'TaharezLook/Tree' using base type 'CEGUI/Tree', window renderer 'Core/Tree' Look'N'Feel 'TaharezLook/Tree' and RenderEffect ''. (0x7ffd3d10a7b0)
30/01/2018 16:39:17 (Std) 	[IrrlichtRenderer] Created texture: _irr_tt_tex_0
30/01/2018 16:39:17 (Std) 	---- Successfully completed loading of GUI layout from 'GameMenu.layout' ----
30/01/2018 16:39:17 (Std) 	[IrrlichtRenderer] Created texture: GreatVibes-22_auto_glyph_images_32
30/01/2018 16:41:59 (Std) 	Started creation of Scheme from XML specification:
30/01/2018 16:41:59 (Std) 	---- CEGUI GUIScheme name: GameMenu
30/01/2018 16:41:59 (Std) 	---- Returning existing instance of Scheme named 'GameMenu'.
30/01/2018 16:41:59 (Std) 	Started creation of Scheme from XML specification:
30/01/2018 16:41:59 (Std) 	---- CEGUI GUIScheme name: Generic
30/01/2018 16:41:59 (Std) 	---- Returning existing instance of Scheme named 'Generic'.
30/01/2018 16:41:59 (Std) 	Started creation of Scheme from XML specification:
30/01/2018 16:41:59 (Std) 	---- CEGUI GUIScheme name: TaharezLook
30/01/2018 16:41:59 (Std) 	---- Returning existing instance of Scheme named 'TaharezLook'.
30/01/2018 16:41:59 (Std) 	---- Returning existing instance of Font named 'GreatVibes-22'.
30/01/2018 16:41:59 (Std) 	[IrrlichtRenderer] Created texture: _irr_tt_tex_1
30/01/2018 16:41:59 (Std) 	---- Successfully completed loading of GUI layout from 'GameMenu.layout' ----
